<?xml version="1.0" encoding="UTF-8"?>
<testng-results ignored="0" total="2" passed="2" failed="0" skipped="0">
  <reporter-output>
  </reporter-output>
  <suite started-at="2024-04-14T12:03:44 CDT" name="Default suite" finished-at="2024-04-14T12:03:59 CDT" duration-ms="15625">
    <groups>
    </groups>
    <test started-at="2024-04-14T12:03:44 CDT" name="Default test" finished-at="2024-04-14T12:03:59 CDT" duration-ms="15625">
      <class name="variousConcepts.LearnDataProvider">
        <test-method is-config="true" signature="reportGenerator()[pri:0, instance:variousConcepts.LearnDataProvider@78e4deb0]" started-at="2024-04-14T12:03:44 CDT" name="reportGenerator" finished-at="2024-04-14T12:03:44 CDT" duration-ms="191" status="PASS">
          <reporter-output>
          </reporter-output>
        </test-method> <!-- reportGenerator -->
        <test-method is-config="true" signature="init()[pri:0, instance:variousConcepts.LearnDataProvider@78e4deb0]" started-at="2024-04-14T12:03:44 CDT" name="init" finished-at="2024-04-14T12:03:47 CDT" duration-ms="2845" status="PASS">
          <reporter-output>
          </reporter-output>
        </test-method> <!-- init -->
        <test-method signature="loginTest(java.lang.String,java.lang.String)[pri:0, instance:variousConcepts.LearnDataProvider@78e4deb0]" started-at="2024-04-14T12:03:47 CDT" name="loginTest" data-provider="loginDataDifRole" finished-at="2024-04-14T12:03:55 CDT" duration-ms="8151" status="PASS">
          <params>
            <param index="0">
              <value>
                <![CDATA[demo2@codefios.com]]>
              </value>
            </param>
            <param index="1">
              <value>
                <![CDATA[abc123]]>
              </value>
            </param>
          </params>
          <reporter-output>
          </reporter-output>
        </test-method> <!-- loginTest -->
        <test-method is-config="true" signature="init()[pri:0, instance:variousConcepts.LearnDataProvider@78e4deb0]" started-at="2024-04-14T12:03:55 CDT" name="init" finished-at="2024-04-14T12:03:57 CDT" duration-ms="2339" status="PASS">
          <reporter-output>
          </reporter-output>
        </test-method> <!-- init -->
        <test-method signature="loginTest(java.lang.String,java.lang.String)[pri:0, instance:variousConcepts.LearnDataProvider@78e4deb0]" started-at="2024-04-14T12:03:57 CDT" name="loginTest" data-provider="loginDataDifRole" finished-at="2024-04-14T12:03:59 CDT" duration-ms="2033" status="PASS">
          <params>
            <param index="0">
              <value>
                <![CDATA[demo@codefios.com]]>
              </value>
            </param>
            <param index="1">
              <value>
                <![CDATA[abc123]]>
              </value>
            </param>
          </params>
          <reporter-output>
          </reporter-output>
        </test-method> <!-- loginTest -->
        <test-method is-config="true" signature="tearDown()[pri:0, instance:variousConcepts.LearnDataProvider@78e4deb0]" started-at="2024-04-14T12:03:59 CDT" name="tearDown" finished-at="2024-04-14T12:03:59 CDT" duration-ms="4" status="PASS">
          <reporter-output>
          </reporter-output>
        </test-method> <!-- tearDown -->
      </class> <!-- variousConcepts.LearnDataProvider -->
    </test> <!-- Default test -->
  </suite> <!-- Default suite -->
</testng-results>
